<?xml version="1.0" encoding="UTF-8"?>
<!-- Generated by org.testng.reporters.JUnitXMLReporter -->
<testsuite hostname="Lenovo-PC" ignored="3" name="Default test" tests="1" failures="0" timestamp="05 May 2020 12:12:41 GMT" time="20.931" errors="0">
  <testcase name="HeadlessBrowser" time="0.04" classname="com.sample.webtest.Test.LoginTest"/>
  <testcase name="LoginWithCorrectCredentials" time="0.0" classname="com.sample.webtest.Test.LoginTest">
    <ignored/>
  </testcase> <!-- LoginWithCorrectCredentials -->
  <testcase name="LoginWithIncorrectPassword" time="0.0" classname="com.sample.webtest.Test.LoginTest">
    <ignored/>
  </testcase> <!-- LoginWithIncorrectPassword -->
  <testcase name="LoginWithIncorrectEmailAddress" time="0.0" classname="com.sample.webtest.Test.LoginTest">
    <ignored/>
  </testcase> <!-- LoginWithIncorrectEmailAddress -->
</testsuite> <!-- Default test -->
